looking album: The Freewheelin' Bob Dylan
looking album: 'Tis the season to be jelly
looking album: (What's The Story) Morning Glory?
looking album: (What's The Story) Morning Glory?
looking album: 'Tis the season to be jelly
looking album: 'Tis the season to be jelly
looking album: (What's The Story) Morning Glory?
looking album: 10 000 Hz Legend
looking album: 10 000 Hz Legend
looking album: (War Takes A) Certain State Of Mind
looking album:  Chernyj Pes Peterburg 1
looking album: ...At His Best
looking album: 17 Lyrics of Li Po
looking album: 1928 Sessions
looking album: 14 tracks: It's a Swing Ting! 
looking album: 20 Years Of Frank Zappa, CD 4
looking album: 20 Years Of Frank Zappa, CD 4
looking album: (War Takes A) Certain State Of Mind
looking album: 14 tracks: a Giallo thriller 
looking album: Armchair Boogie
looking album: Astral Weeks
looking album: Atomos VII
looking album: Avalon Blues
looking album: Displacing The Priest
looking album: 10 ans de succès
looking album: (War Takes A) Certain State Of Mind
looking album: (What's The Story) Morning Glory?
looking album: Amarantine
looking album: Ambient 3/Days Of Radiance
looking album: Djam Leelii: The Adventurers
looking album: Do You Know Squarepusher
looking album: Dirty Work
looking album: Djam Leelii: The Adventurers
looking album: Django Django
looking album: Ease Down The Road
looking album: Eingya
looking album: Electric Ladyland: Clickhop Version 1.0
looking album: Exploratory Music From Poland >01
looking album: Explorer's Club: 7. Belfast- Reykjavik
looking album: Fantasy
looking album: First & Foremost
looking album: Franz Schubert: String Quartet G Major
looking album: Freight Train and Other North Carolina Folk Songs and Tunes
looking album: Gashed Senses & Crossfire
looking album: Harawi (Chant d'amour et de mort)
looking album: Hard Rain
looking album: 20 Years Of Frank Zappa, CD 4
looking album: 20 Years Of Frank Zappa, CD 4
looking album: (War Takes A) Certain State Of Mind
looking album: 'Tis the season to be jelly
looking album: (What's The Story) Morning Glory?
looking album: (War Takes A) Certain State Of Mind
looking album: (What's The Story) Morning Glory?
looking album: (War Takes A) Certain State Of Mind
looking album: (What's The Story) Morning Glory?
looking album: (War Takes A) Certain State Of Mind
looking album: (What's The Story) Morning Glory?
looking album: (War Takes A) Certain State Of Mind
looking album: (What's The Story) Morning Glory?
looking album: (War Takes A) Certain State Of Mind
looking album: (What's The Story) Morning Glory?
looking album: -
looking album: (What's The Story) Morning Glory?
looking album: ...At His Best
looking album: ...I Care Because You Do
looking album: ...I Care Because You Do
looking album: ...At His Best
looking album: ...At His Best
looking album: 10 000 Hz Legend
looking album: ...At His Best
looking album: ...At His Best
looking album: ...I Care Because You Do
looking album: ...I Care Because You Do
looking album: ...I Care Because You Do
looking album: ...At His Best
looking album: ...At His Best
looking album: 10 000 Hz Legend
looking album: ...At His Best
looking album: ...At His Best
looking album: ...I Care Because You Do
looking album: ...I Care Because You Do
looking album: ...At His Best
looking album: (What's The Story) Morning Glory?
looking album: -
looking album: ...I Care Because You Do
looking album: 10 000 Hz Legend
looking album: ...I Care Because You Do
looking album: 10 000 Hz Legend
looking album: 100 Piano Jazz & Blues Classics
looking album: 100 Classical Acoustic Guitar Songs
looking album: 10 ans de succès
looking album: ...I Care Because You Do
looking album: ...At His Best
looking album: 10 ans de succès
looking album: 100 Piano Jazz & Blues Classics
looking album: 10 ans de succès
looking album: 14 tracks: a Giallo thriller 
looking album: 14 tracks: It's a Swing Ting! 
looking album: 100 Piano Jazz & Blues Classics
looking album: 10 000 Hz Legend
looking album: -
looking album: 10 ans de succès
looking album: 100 Classical Acoustic Guitar Songs
looking album: 10 ans de succès
looking album: ...At His Best
looking album: ...I Care Because You Do
looking album: ...At His Best
looking album: ...I Care Because You Do
looking album: ...At His Best
looking album: ...I Care Because You Do
looking album: 100 Piano Jazz & Blues Classics
looking album: 100 Piano Jazz & Blues Classics
looking album: 10 000 Hz Legend
looking album: 100 Piano Jazz & Blues Classics
looking album: 100 Classical Acoustic Guitar Songs
looking album: 14 tracks: a Giallo thriller 
looking album: 100 Classical Acoustic Guitar Songs
looking album: 14 tracks: It's a Swing Ting! 
looking album: 16 All-Time Blues Hits 1
looking album: 17 Lyrics of Li Po
looking album: 14 tracks: a Giallo thriller 
looking album: 16 All-Time Blues Hits 1
looking album: 14 tracks: It's a Swing Ting! 
looking album: 16 All-Time Blues Hits 1
looking album: 17 Lyrics of Li Po
looking album: 16 All-Time Blues Hits 1
looking album: 14 tracks: a Giallo thriller 
looking album: 100 Piano Jazz & Blues Classics
looking album: 14 tracks: It's a Swing Ting! 
looking album: 17 Lyrics of Li Po
looking album: 1928 Sessions
looking album: 1955-1957
looking album: 1928 Sessions
looking album: 16 All-Time Blues Hits 1
looking album: 1955-1957
looking album: 1979
looking album: 20 Years of
looking album: 20 Years Of Frank Zappa, CD 1
looking album: 20 Years Of Frank Zappa, CD 12
looking album: 20 Years Of Frank Zappa, CD 3
looking album: 2nd To None
looking album: 30 Gallon Tank EP
looking album: 6
looking album: 6- And 12-String Guitar
looking album: A Foreign Field That Is Forever England
looking album: [Ambient 2 (The Plateaux Of Mi
looking album: A Winged Victory For The Sullen
looking album: Absolutely The Best
looking album: Abstracts on Solitude
looking album: Adam's Apple
looking album: Adventures In Middle America, Vol. 2
looking album: African Dream Lounge, Volume 3
looking album: Aftermath (UK) Single's
looking album: After The Dance
looking album: Aftermath (UK)
looking album: Unforgettable
looking album: 'Tis the season to be jelly
looking album: ...At His Best
looking album: -
looking album: (War Takes A) Certain State Of Mind
looking album: 'Tis the season to be jelly
looking album:  Chernyj Pes Peterburg 1
looking album: 200 Motels
looking album: 26 Mixes For Cash
looking album: Hard Rain
looking album: -
looking album: -
looking album: ...At His Best
looking album: ...At His Best
looking album: (War Takes A) Certain State Of Mind
looking album: (What's The Story) Morning Glory?
looking album: ...At His Best
looking album: 'Tis the season to be jelly
looking album:  Chernyj Pes Peterburg 1
looking album: (What's The Story) Morning Glory?
looking album: ...At His Best
looking album: 10 000 Hz Legend
looking album: 10 ans de succès
looking album: An American Prayer
looking album: Anarchy + Romance
looking album: Anastasis
looking album: Azazel: Book Of Angels, Vol. 2
looking album: Baboon Moon
looking album: Baby Snakes
looking album: Bach: Mass In B Minor, Missa Brevis In F
looking album: Backstage & Dangerous: The PrivBuild Me A Woman
looking album: Backstage & Dangerous: The PrivClose To You
looking album: Backstage & Dangerous: The PrivContinued
looking album: An American Prayer
looking album: The Complete Matrix Club Tapes
looking album: The Complete Matrix Club Tapes
looking album: The Bright Midnight Sampler (Live)
looking album: Strange Days (40th Anniversary Mixes)
looking album: The Soft Parade
looking album: Waiting For The Sun
looking album: The Doors (40th Anniversary Mixes)
looking album: The Soft Parade
looking album: Waiting For The Sun (40th Anniversary Mixes)
looking album: The Doors (40th Anniversary Mixes)
looking album: The Complete Matrix Club Tapes
looking album: Backstage & Dangerous: The PrivMaggie McGill
looking album: Backstage & Dangerous: The Priv(You Need Meet) Go No Further
looking album: An American Prayer
looking album: Absolutely Live
looking album: Backstage & Dangerous: The PrivArranging Close To You
looking album: Backstage & Dangerous: The PrivBlue Sunday
looking album: Backstage & Dangerous: The PrivArranging Gloria
looking album: Backstage & Dangerous: The PrivArranging Close To You
looking album: An American Prayer
looking album: Backstage & Dangerous: The Priv(You Need Meet) Go No Further
looking album: Backstage & Dangerous: The PrivArranging Close To You
looking album: Friday April 10 At Boston ArenaWhen The Music's Over
looking album: Live At The Aquarius Theater: The First Performance
looking album: The Doors (40th Anniversary Mixes)
looking album: The Soft Parade
looking album: Waiting For The Sun
looking album: Waiting For The Sun (40th Anniversary Mixes)
looking album: The Doors (40th Anniversary Mixes)
looking album: Friday April 10 At Boston ArenaRock Me
looking album: Backstage & Dangerous: The PrivArranging (You Need Meet) Go NoThe Doors
looking album: An American Prayer
looking album: Absolutely Live
looking album: Backstage & Dangerous: The PrivArranging (You Need Meet) Go NoThe Doors
looking album: Backstage & Dangerous: The PrivArranging Close To You
looking album: Backstage & Dangerous: The PrivBuild Me A Woman
looking album: Backstage & Dangerous: The PrivBlue Sunday
looking album: Backstage & Dangerous: The PrivArranging Gloria
looking album: Backstage & Dangerous: The PrivCars Hiss By My Window
looking album: Backstage & Dangerous: The PrivI Will Never Be Untrue
looking album: Backstage & Dangerous: The PrivJazzy Maggie McGill
looking album: Backstage & Dangerous: The PrivMystery Train Rehearsal
looking album: Backstage & Dangerous: The PrivPeace Frog
looking album: Friday April 10 At Boston ArenaBack Door Man
looking album: Friday April 10 At Boston ArenaShip Of Fools 
looking album: Full Circle
looking album: Live In Hollywood: Highlights From The Aquarius Theatre Performances
looking album: Live In Detroit
looking album: Live At The Aquarius Theater: The Second Performance
looking album: Live In Hollywood: Highlights From The Aquarius Theatre Performances
looking album: Morrison Hotel (40th Anniversary Mixes)
looking album: Set The Night On Fire: The Doors Bright Midnight Archives Concerts (Live)
looking album: The Soft Parade
looking album: The Doors
looking album: The Complete Matrix Club Tapes
looking album: The Bright Midnight Sampler (Live)
looking album: Set The Night On Fire: The Doors Bright Midnight Archives Concerts (Live)
looking album: Morrison Hotel (40th Anniversary Mixes)
looking album: Morrison Hotel
looking album: Friday April 10 At Boston ArenaWhen The Music's Over
looking album: Friday April 10 At Boston ArenaRock Me
looking album: Friday April 10 At Boston ArenaFive To One
looking album: Friday April 10 At Boston ArenaMystery Train
looking album: L.A. Woman (40th Anniversary Mixes)
looking album: The Bright Midnight Sampler (Live)
looking album: The Bright Midnight Sampler (Live)
looking album: The Bright Midnight Sampler (Live)
looking album: The Complete Matrix Club Tapes
looking album: The Doors
looking album: The Doors (40th Anniversary Mixes)
looking album: Waiting For The Sun
looking album: The Complete Matrix Club Tapes
looking album: Backstage & Dangerous: The PrivMaggie McGill
looking album: Backstage & Dangerous: The PrivArranging Close To You
looking album: Backstage & Dangerous: The Priv(You Need Meet) Go No Further
looking album: Absolutely Live
looking album: Backstage & Dangerous: The PrivArranging Close To You
looking album: Backstage & Dangerous: The PrivArranging (You Need Meet) Go NoThe Doors
looking album: Backstage & Dangerous: The Priv(You Need Meet) Go No Further
looking album: Anarchy + Romance
looking album: Antichrist Superstar
looking album: Mechanical Animals
looking album: Mechanical Animals
looking album: Antichrist Superstar
looking album: Mechanical Animals
looking album: Antichrist Superstar
looking album: Mechanical Animals
looking album: Antichrist Superstar
looking album:  Chernyj Pes Peterburg 1
looking album: (What's The Story) Morning Glory?
looking album: ...I Care Because You Do
looking album: 10 000 Hz Legend
looking album: 10 ans de succès
looking album: 100 Classical Acoustic Guitar Songs
looking album: 100 Piano Jazz & Blues Classics
looking album: 1928 Sessions
looking album: 17 Lyrics of Li Po
looking album: 16 All-Time Blues Hits 1
looking album: 1955-1957
looking album: 1979
looking album: 20 Years of
looking album: 20 Years of
looking album: 20 Years Of Frank Zappa, CD 1
looking album: 20 Years Of Frank Zappa, CD 10
looking album: 20 Years Of Frank Zappa, CD 11
looking album: 26 Mixes For Cash
looking album: 200 Motels
looking album: 20 Years Of Frank Zappa, CD 9
looking album: 20 Years Of Frank Zappa, CD 8
looking album: 26 Mixes For Cash
looking album: 94 Diskont.
looking album: A Killer For That Ache
looking album: ...At His Best
